[WARN ] 29-06-2021 12:09:23.877 [main] DuplicateJsonObjectContextCustomizerFactory$DuplicateJsonObjectContextCustomizer.logDuplicateJsonObjectsWarning:78 - 

Found multiple occurrences of org.json.JSONObject on the class path:

	jar:file:/home/avistech/.m2/repository/com/vaadin/external/google/android-json/0.0.20131108.vaadin1/android-json-0.0.20131108.vaadin1.jar!/org/json/JSONObject.class
	jar:file:/home/avistech/.m2/repository/org/json/json/20190722/json-20190722.jar!/org/json/JSONObject.class

You may wish to exclude one of them to ensure predictable runtime behavior

[WARN ] 29-06-2021 15:38:33.736 [main] DuplicateJsonObjectContextCustomizerFactory$DuplicateJsonObjectContextCustomizer.logDuplicateJsonObjectsWarning:78 - 

Found multiple occurrences of org.json.JSONObject on the class path:

	jar:file:/home/avistech/.m2/repository/com/vaadin/external/google/android-json/0.0.20131108.vaadin1/android-json-0.0.20131108.vaadin1.jar!/org/json/JSONObject.class
	jar:file:/home/avistech/.m2/repository/org/json/json/20190722/json-20190722.jar!/org/json/JSONObject.class

You may wish to exclude one of them to ensure predictable runtime behavior

[WARN ] 29-06-2021 15:39:34.651 [main] DuplicateJsonObjectContextCustomizerFactory$DuplicateJsonObjectContextCustomizer.logDuplicateJsonObjectsWarning:78 - 

Found multiple occurrences of org.json.JSONObject on the class path:

	jar:file:/home/avistech/.m2/repository/com/vaadin/external/google/android-json/0.0.20131108.vaadin1/android-json-0.0.20131108.vaadin1.jar!/org/json/JSONObject.class
	jar:file:/home/avistech/.m2/repository/org/json/json/20190722/json-20190722.jar!/org/json/JSONObject.class

You may wish to exclude one of them to ensure predictable runtime behavior

[WARN ] 29-06-2021 15:44:34.142 [main] DuplicateJsonObjectContextCustomizerFactory$DuplicateJsonObjectContextCustomizer.logDuplicateJsonObjectsWarning:78 - 

Found multiple occurrences of org.json.JSONObject on the class path:

	jar:file:/home/avistech/.m2/repository/com/vaadin/external/google/android-json/0.0.20131108.vaadin1/android-json-0.0.20131108.vaadin1.jar!/org/json/JSONObject.class
	jar:file:/home/avistech/.m2/repository/org/json/json/20190722/json-20190722.jar!/org/json/JSONObject.class

You may wish to exclude one of them to ensure predictable runtime behavior

